2022-11-10 09:19:55.949+0000 INFO  Starting...
2022-11-10 09:19:56.269+0000 INFO  This instance is ServerId{f12eb3fc} (f12eb3fc-3177-4081-9e99-d8f168babbe3)
2022-11-10 09:19:56.978+0000 INFO  ======== Neo4j 5.1.0 ========
2022-11-10 09:19:58.352+0000 INFO  Bolt enabled on 0.0.0.0:7687.
2022-11-10 09:19:58.744+0000 INFO  Remote interface available at http://localhost:7474/
2022-11-10 09:19:58.747+0000 INFO  id: 058138B03C55306FD2F9D265CF73F8A020C251C96A1ED3373C9BD85B60A74F96
2022-11-10 09:19:58.747+0000 INFO  name: system
2022-11-10 09:19:58.747+0000 INFO  creationDate: 2022-11-10T09:19:57.401Z
2022-11-10 09:19:58.748+0000 INFO  Started.
2022-11-10 09:21:37.197+0000 INFO  Neo4j Server shutdown initiated by request
2022-11-10 09:21:37.197+0000 INFO  Stopping...
2022-11-10 09:21:39.486+0000 INFO  Stopped.
2022-11-10 09:25:01.907+0000 INFO  Starting...
2022-11-10 09:25:02.264+0000 INFO  This instance is ServerId{f12eb3fc} (f12eb3fc-3177-4081-9e99-d8f168babbe3)
2022-11-10 09:25:02.847+0000 INFO  ======== Neo4j 5.1.0 ========
2022-11-10 09:25:03.743+0000 INFO  Bolt enabled on 0.0.0.0:7687.
2022-11-10 09:25:04.280+0000 INFO  Remote interface available at http://localhost:7474/
2022-11-10 09:25:04.283+0000 INFO  id: 058138B03C55306FD2F9D265CF73F8A020C251C96A1ED3373C9BD85B60A74F96
2022-11-10 09:25:04.283+0000 INFO  name: system
2022-11-10 09:25:04.284+0000 INFO  creationDate: 2022-11-10T09:19:57.401Z
2022-11-10 09:25:04.284+0000 INFO  Started.
2022-11-10 09:26:11.315+0000 INFO  Neo4j Server shutdown initiated by request
2022-11-10 09:26:11.315+0000 INFO  Stopping...
2022-11-10 09:26:13.714+0000 INFO  Stopped.
2022-11-10 09:35:00.741+0000 INFO  Starting...
2022-11-10 09:35:01.111+0000 INFO  This instance is ServerId{f12eb3fc} (f12eb3fc-3177-4081-9e99-d8f168babbe3)
2022-11-10 09:35:01.606+0000 INFO  ======== Neo4j 5.1.0 ========
2022-11-10 09:35:02.615+0000 INFO  Bolt enabled on 0.0.0.0:7687.
2022-11-10 09:35:03.079+0000 INFO  Remote interface available at http://localhost:7474/
2022-11-10 09:35:03.081+0000 INFO  id: 058138B03C55306FD2F9D265CF73F8A020C251C96A1ED3373C9BD85B60A74F96
2022-11-10 09:35:03.081+0000 INFO  name: system
2022-11-10 09:35:03.081+0000 INFO  creationDate: 2022-11-10T09:19:57.401Z
2022-11-10 09:35:03.081+0000 INFO  Started.
2022-11-10 12:00:14.661+0000 INFO  Neo4j Server shutdown initiated by request
2022-11-10 12:00:14.662+0000 INFO  Stopping...
2022-11-10 12:00:16.772+0000 INFO  Stopped.
2022-11-10 12:06:21.546+0000 INFO  Starting...
2022-11-10 12:06:22.285+0000 INFO  This instance is ServerId{f12eb3fc} (f12eb3fc-3177-4081-9e99-d8f168babbe3)
2022-11-10 12:06:23.046+0000 INFO  ======== Neo4j 5.1.0 ========
2022-11-10 12:06:24.218+0000 INFO  Bolt enabled on 0.0.0.0:7687.
2022-11-10 12:06:24.599+0000 INFO  Remote interface available at http://localhost:7474/
2022-11-10 12:06:24.601+0000 INFO  id: 058138B03C55306FD2F9D265CF73F8A020C251C96A1ED3373C9BD85B60A74F96
2022-11-10 12:06:24.601+0000 INFO  name: system
2022-11-10 12:06:24.601+0000 INFO  creationDate: 2022-11-10T09:19:57.401Z
2022-11-10 12:06:24.601+0000 INFO  Started.
2022-11-10 13:23:29.591+0000 INFO  Neo4j Server shutdown initiated by request
2022-11-10 13:23:29.591+0000 INFO  Stopping...
2022-11-10 13:23:31.826+0000 INFO  Stopped.
2022-11-11 05:04:01.438+0000 INFO  Starting...
2022-11-11 05:04:01.815+0000 INFO  This instance is ServerId{f12eb3fc} (f12eb3fc-3177-4081-9e99-d8f168babbe3)
2022-11-11 05:04:02.522+0000 INFO  ======== Neo4j 5.1.0 ========
2022-11-11 05:04:03.653+0000 INFO  Bolt enabled on 0.0.0.0:7687.
2022-11-11 05:04:04.156+0000 INFO  Remote interface available at http://localhost:7474/
2022-11-11 05:04:04.158+0000 INFO  id: 058138B03C55306FD2F9D265CF73F8A020C251C96A1ED3373C9BD85B60A74F96
2022-11-11 05:04:04.158+0000 INFO  name: system
2022-11-11 05:04:04.158+0000 INFO  creationDate: 2022-11-10T09:19:57.401Z
2022-11-11 05:04:04.159+0000 INFO  Started.
2022-11-11 05:44:42.161+0000 INFO  Neo4j Server shutdown initiated by request
2022-11-11 05:44:42.161+0000 INFO  Stopping...
2022-11-11 05:44:44.408+0000 INFO  Stopped.
2022-11-11 05:45:19.629+0000 INFO  Starting...
2022-11-11 05:45:21.671+0000 INFO  This instance is ServerId{f12eb3fc} (f12eb3fc-3177-4081-9e99-d8f168babbe3)
2022-11-11 05:45:22.151+0000 INFO  ======== Neo4j 5.1.0 ========
2022-11-11 05:45:23.907+0000 INFO  Bolt enabled on 0.0.0.0:7687.
2022-11-11 05:45:24.347+0000 INFO  Remote interface available at http://localhost:7474/
2022-11-11 05:45:24.349+0000 INFO  id: 058138B03C55306FD2F9D265CF73F8A020C251C96A1ED3373C9BD85B60A74F96
2022-11-11 05:45:24.349+0000 INFO  name: system
2022-11-11 05:45:24.349+0000 INFO  creationDate: 2022-11-10T09:19:57.401Z
2022-11-11 05:45:24.349+0000 INFO  Started.
2022-11-11 05:56:15.433+0000 INFO  Neo4j Server shutdown initiated by request
2022-11-11 05:56:15.434+0000 INFO  Stopping...
2022-11-11 05:56:17.661+0000 INFO  Stopped.
2022-11-11 05:57:15.026+0000 INFO  Starting...
2022-11-11 05:57:15.616+0000 INFO  This instance is ServerId{4754d6ca} (4754d6ca-5f77-49b1-8af9-f1cdaeb4599c)
2022-11-11 05:57:16.333+0000 INFO  ======== Neo4j 5.1.0 ========
2022-11-11 05:57:18.161+0000 INFO  Bolt enabled on 0.0.0.0:7687.
2022-11-11 05:57:18.762+0000 INFO  Remote interface available at http://localhost:7474/
2022-11-11 05:57:18.766+0000 INFO  id: 23E17A0CD98C1DA6E0945C04EF45A8BAFFC130F52027AE2DD2279741AE462115
2022-11-11 05:57:18.767+0000 INFO  name: system
2022-11-11 05:57:18.767+0000 INFO  creationDate: 2022-11-11T05:57:16.999Z
2022-11-11 05:57:18.767+0000 INFO  Started.
2022-11-11 07:01:54.035+0000 INFO  Neo4j Server shutdown initiated by request
2022-11-11 07:01:54.035+0000 INFO  Stopping...
2022-11-11 07:01:56.234+0000 INFO  Stopped.
2022-11-11 07:03:02.971+0000 INFO  Starting...
2022-11-11 07:03:03.353+0000 INFO  This instance is ServerId{4754d6ca} (4754d6ca-5f77-49b1-8af9-f1cdaeb4599c)
2022-11-11 07:03:03.898+0000 INFO  ======== Neo4j 5.1.0 ========
2022-11-11 07:03:04.786+0000 INFO  Bolt enabled on 0.0.0.0:7687.
2022-11-11 07:03:05.227+0000 INFO  Remote interface available at http://localhost:7474/
2022-11-11 07:03:05.229+0000 INFO  id: 23E17A0CD98C1DA6E0945C04EF45A8BAFFC130F52027AE2DD2279741AE462115
2022-11-11 07:03:05.229+0000 INFO  name: system
2022-11-11 07:03:05.229+0000 INFO  creationDate: 2022-11-11T05:57:16.999Z
2022-11-11 07:03:05.229+0000 INFO  Started.
2022-11-11 07:10:34.546+0000 INFO  Neo4j Server shutdown initiated by request
2022-11-11 07:10:34.547+0000 INFO  Stopping...
2022-11-11 07:10:36.782+0000 INFO  Stopped.
2022-11-11 07:11:30.620+0000 INFO  Starting...
2022-11-11 07:11:31.018+0000 INFO  This instance is ServerId{4754d6ca} (4754d6ca-5f77-49b1-8af9-f1cdaeb4599c)
2022-11-11 07:11:31.654+0000 INFO  ======== Neo4j 5.1.0 ========
2022-11-11 07:11:32.675+0000 INFO  Bolt enabled on 0.0.0.0:7687.
2022-11-11 07:11:33.171+0000 INFO  Remote interface available at http://localhost:7474/
2022-11-11 07:11:33.173+0000 INFO  id: 23E17A0CD98C1DA6E0945C04EF45A8BAFFC130F52027AE2DD2279741AE462115
2022-11-11 07:11:33.173+0000 INFO  name: system
2022-11-11 07:11:33.173+0000 INFO  creationDate: 2022-11-11T05:57:16.999Z
2022-11-11 07:11:33.173+0000 INFO  Started.
2022-11-11 07:14:51.949+0000 INFO  Neo4j Server shutdown initiated by request
2022-11-11 07:14:51.949+0000 INFO  Stopping...
2022-11-11 07:14:54.186+0000 INFO  Stopped.
2022-11-11 07:15:43.074+0000 INFO  Starting...
2022-11-11 07:15:43.369+0000 INFO  This instance is ServerId{4754d6ca} (4754d6ca-5f77-49b1-8af9-f1cdaeb4599c)
2022-11-11 07:15:43.905+0000 INFO  ======== Neo4j 5.1.0 ========
2022-11-11 07:15:44.769+0000 INFO  Bolt enabled on 0.0.0.0:7687.
2022-11-11 07:15:45.303+0000 INFO  Remote interface available at http://localhost:7474/
2022-11-11 07:15:45.305+0000 INFO  id: 23E17A0CD98C1DA6E0945C04EF45A8BAFFC130F52027AE2DD2279741AE462115
2022-11-11 07:15:45.306+0000 INFO  name: system
2022-11-11 07:15:45.306+0000 INFO  creationDate: 2022-11-11T05:57:16.999Z
2022-11-11 07:15:45.306+0000 INFO  Started.
2022-11-11 07:26:48.591+0000 INFO  Neo4j Server shutdown initiated by request
2022-11-11 07:26:48.592+0000 INFO  Stopping...
2022-11-11 07:26:50.843+0000 INFO  Stopped.
2022-11-11 08:43:00.427+0000 INFO  Starting...
2022-11-11 08:43:00.742+0000 INFO  This instance is ServerId{4754d6ca} (4754d6ca-5f77-49b1-8af9-f1cdaeb4599c)
2022-11-11 08:43:01.427+0000 INFO  ======== Neo4j 5.1.0 ========
2022-11-11 08:43:02.353+0000 INFO  Bolt enabled on 0.0.0.0:7687.
2022-11-11 08:43:02.956+0000 INFO  Remote interface available at http://localhost:7474/
2022-11-11 08:43:02.959+0000 INFO  id: 23E17A0CD98C1DA6E0945C04EF45A8BAFFC130F52027AE2DD2279741AE462115
2022-11-11 08:43:02.959+0000 INFO  name: system
2022-11-11 08:43:02.959+0000 INFO  creationDate: 2022-11-11T05:57:16.999Z
2022-11-11 08:43:02.959+0000 INFO  Started.
2022-11-11 09:15:27.193+0000 INFO  Neo4j Server shutdown initiated by request
2022-11-11 09:15:27.193+0000 INFO  Stopping...
2022-11-11 09:15:29.340+0000 INFO  Stopped.
2022-11-11 09:16:25.113+0000 INFO  Starting...
2022-11-11 09:16:25.411+0000 INFO  This instance is ServerId{4754d6ca} (4754d6ca-5f77-49b1-8af9-f1cdaeb4599c)
2022-11-11 09:16:26.085+0000 INFO  ======== Neo4j 5.1.0 ========
2022-11-11 09:16:26.998+0000 INFO  Bolt enabled on 0.0.0.0:7687.
2022-11-11 09:16:27.601+0000 INFO  Remote interface available at http://localhost:7474/
2022-11-11 09:16:27.605+0000 INFO  id: 23E17A0CD98C1DA6E0945C04EF45A8BAFFC130F52027AE2DD2279741AE462115
2022-11-11 09:16:27.605+0000 INFO  name: system
2022-11-11 09:16:27.605+0000 INFO  creationDate: 2022-11-11T05:57:16.999Z
2022-11-11 09:16:27.605+0000 INFO  Started.
2022-11-11 11:28:06.645+0000 INFO  Neo4j Server shutdown initiated by request
2022-11-11 11:28:06.646+0000 INFO  Stopping...
2022-11-11 11:28:08.688+0000 INFO  Stopped.
2022-11-11 11:43:52.263+0000 INFO  Starting...
2022-11-11 11:43:52.518+0000 INFO  This instance is ServerId{4754d6ca} (4754d6ca-5f77-49b1-8af9-f1cdaeb4599c)
2022-11-11 11:43:52.961+0000 INFO  ======== Neo4j 5.1.0 ========
2022-11-11 11:43:53.700+0000 INFO  Bolt enabled on 0.0.0.0:7687.
2022-11-11 11:43:54.149+0000 INFO  Remote interface available at http://localhost:7474/
2022-11-11 11:43:54.151+0000 INFO  id: 23E17A0CD98C1DA6E0945C04EF45A8BAFFC130F52027AE2DD2279741AE462115
2022-11-11 11:43:54.151+0000 INFO  name: system
2022-11-11 11:43:54.151+0000 INFO  creationDate: 2022-11-11T05:57:16.999Z
2022-11-11 11:43:54.151+0000 INFO  Started.
2022-11-11 11:47:51.824+0000 INFO  Neo4j Server shutdown initiated by request
2022-11-11 11:47:51.825+0000 INFO  Stopping...
2022-11-11 11:47:54.166+0000 INFO  Stopped.
2022-11-11 11:48:39.655+0000 INFO  Starting...
2022-11-11 11:48:39.970+0000 INFO  This instance is ServerId{4754d6ca} (4754d6ca-5f77-49b1-8af9-f1cdaeb4599c)
2022-11-11 11:48:40.547+0000 INFO  ======== Neo4j 5.1.0 ========
2022-11-11 11:48:41.391+0000 INFO  Bolt enabled on 0.0.0.0:7687.
2022-11-11 11:48:41.920+0000 INFO  Remote interface available at http://localhost:7474/
2022-11-11 11:48:41.923+0000 INFO  id: 23E17A0CD98C1DA6E0945C04EF45A8BAFFC130F52027AE2DD2279741AE462115
2022-11-11 11:48:41.924+0000 INFO  name: system
2022-11-11 11:48:41.924+0000 INFO  creationDate: 2022-11-11T05:57:16.999Z
2022-11-11 11:48:41.924+0000 INFO  Started.
2022-11-11 11:52:42.002+0000 INFO  Neo4j Server shutdown initiated by request
2022-11-11 11:52:42.006+0000 INFO  Stopping...
2022-11-11 11:52:44.372+0000 INFO  Stopped.
2022-11-11 11:54:14.304+0000 INFO  Starting...
2022-11-11 11:54:14.613+0000 INFO  This instance is ServerId{4754d6ca} (4754d6ca-5f77-49b1-8af9-f1cdaeb4599c)
2022-11-11 11:54:15.286+0000 INFO  ======== Neo4j 5.1.0 ========
2022-11-11 11:54:18.371+0000 ERROR Failed to start Neo4j on 0.0.0.0:7474.
java.lang.RuntimeException: Error starting Neo4j database server at /data/databases
	at org.neo4j.graphdb.facade.DatabaseManagementServiceFactory.startDatabaseServer(DatabaseManagementServiceFactory.java:255) ~[neo4j-5.1.0.jar:5.1.0]
	at org.neo4j.graphdb.facade.DatabaseManagementServiceFactory.build(DatabaseManagementServiceFactory.java:193) ~[neo4j-5.1.0.jar:5.1.0]
	at org.neo4j.server.CommunityBootstrapper.createNeo(CommunityBootstrapper.java:36) ~[neo4j-5.1.0.jar:5.1.0]
	at org.neo4j.server.NeoBootstrapper.start(NeoBootstrapper.java:164) ~[neo4j-5.1.0.jar:5.1.0]
	at org.neo4j.server.NeoBootstrapper.start(NeoBootstrapper.java:85) ~[neo4j-5.1.0.jar:5.1.0]
	at org.neo4j.server.CommunityEntryPoint.main(CommunityEntryPoint.java:30) ~[neo4j-5.1.0.jar:5.1.0]
Caused by: org.neo4j.kernel.lifecycle.LifecycleException: Component 'org.neo4j.procedure.impl.GlobalProceduresRegistry@2fd954f' was successfully initialized, but failed to start. Please see the attached cause exception "Argument `params` at position 3 in `when` with
type `Map` cannot be converted to a Neo4j type: Default value `` could not be parsed as a MAP?".
	at org.neo4j.kernel.lifecycle.LifeSupport$LifecycleInstance.start(LifeSupport.java:370) ~[neo4j-common-5.1.0.jar:5.1.0]
	at org.neo4j.kernel.lifecycle.LifeSupport.start(LifeSupport.java:92) ~[neo4j-common-5.1.0.jar:5.1.0]
	at org.neo4j.graphdb.facade.DatabaseManagementServiceFactory.startDatabaseServer(DatabaseManagementServiceFactory.java:246) ~[neo4j-5.1.0.jar:5.1.0]
	... 5 more
Caused by: org.neo4j.internal.kernel.api.exceptions.ProcedureException: Argument `params` at position 3 in `when` with
type `Map` cannot be converted to a Neo4j type: Default value `` could not be parsed as a MAP?
	at org.neo4j.procedure.impl.MethodSignatureCompiler.signatureFor(MethodSignatureCompiler.java:110) ~[neo4j-procedure-5.1.0.jar:5.1.0]
	at org.neo4j.procedure.impl.ProcedureCompiler.compileProcedure(ProcedureCompiler.java:229) ~[neo4j-procedure-5.1.0.jar:5.1.0]
	at org.neo4j.procedure.impl.ProcedureCompiler.compileProcedure(ProcedureCompiler.java:206) ~[neo4j-procedure-5.1.0.jar:5.1.0]
	at org.neo4j.procedure.impl.ProcedureJarLoader.loadProcedures(ProcedureJarLoader.java:108) ~[neo4j-procedure-5.1.0.jar:5.1.0]
	at org.neo4j.procedure.impl.ProcedureJarLoader.loadProceduresFromDir(ProcedureJarLoader.java:88) ~[neo4j-procedure-5.1.0.jar:5.1.0]
	at org.neo4j.procedure.impl.GlobalProceduresRegistry.start(GlobalProceduresRegistry.java:338) ~[neo4j-procedure-5.1.0.jar:5.1.0]
	at org.neo4j.kernel.lifecycle.LifeSupport$LifecycleInstance.start(LifeSupport.java:353) ~[neo4j-common-5.1.0.jar:5.1.0]
	at org.neo4j.kernel.lifecycle.LifeSupport.start(LifeSupport.java:92) ~[neo4j-common-5.1.0.jar:5.1.0]
	at org.neo4j.graphdb.facade.DatabaseManagementServiceFactory.startDatabaseServer(DatabaseManagementServiceFactory.java:246) ~[neo4j-5.1.0.jar:5.1.0]
	... 5 more
2022-11-11 11:54:18.371+0000 INFO  Neo4j Server shutdown initiated by request
2022-11-11 11:54:18.372+0000 INFO  Stopped.
2022-11-11 11:56:23.033+0000 INFO  Starting...
2022-11-11 11:56:23.274+0000 INFO  This instance is ServerId{4754d6ca} (4754d6ca-5f77-49b1-8af9-f1cdaeb4599c)
2022-11-11 11:56:23.715+0000 INFO  ======== Neo4j 5.1.0 ========
2022-11-11 11:56:24.459+0000 INFO  Bolt enabled on 0.0.0.0:7687.
2022-11-11 11:56:24.838+0000 INFO  Remote interface available at http://localhost:7474/
2022-11-11 11:56:24.840+0000 INFO  id: 23E17A0CD98C1DA6E0945C04EF45A8BAFFC130F52027AE2DD2279741AE462115
2022-11-11 11:56:24.840+0000 INFO  name: system
2022-11-11 11:56:24.840+0000 INFO  creationDate: 2022-11-11T05:57:16.999Z
2022-11-11 11:56:24.840+0000 INFO  Started.
2022-11-11 11:56:54.277+0000 INFO  Neo4j Server shutdown initiated by request
2022-11-11 11:56:54.277+0000 INFO  Stopping...
2022-11-11 11:56:56.485+0000 INFO  Stopped.
2022-11-14 05:16:10.611+0000 INFO  Starting...
2022-11-14 05:16:11.037+0000 INFO  This instance is ServerId{4754d6ca} (4754d6ca-5f77-49b1-8af9-f1cdaeb4599c)
2022-11-14 05:16:11.920+0000 INFO  ======== Neo4j 5.1.0 ========
2022-11-14 05:16:13.251+0000 INFO  Bolt enabled on 0.0.0.0:7687.
2022-11-14 05:16:13.683+0000 INFO  Remote interface available at http://localhost:7474/
2022-11-14 05:16:13.685+0000 INFO  id: 23E17A0CD98C1DA6E0945C04EF45A8BAFFC130F52027AE2DD2279741AE462115
2022-11-14 05:16:13.685+0000 INFO  name: system
2022-11-14 05:16:13.685+0000 INFO  creationDate: 2022-11-11T05:57:16.999Z
2022-11-14 05:16:13.685+0000 INFO  Started.
2022-11-14 05:21:37.986+0000 INFO  Neo4j Server shutdown initiated by request
2022-11-14 05:21:37.987+0000 INFO  Stopping...
2022-11-14 05:21:40.263+0000 INFO  Stopped.
2022-11-14 05:22:32.028+0000 INFO  Starting...
2022-11-14 05:22:32.428+0000 INFO  This instance is ServerId{4754d6ca} (4754d6ca-5f77-49b1-8af9-f1cdaeb4599c)
2022-11-14 05:22:33.012+0000 INFO  ======== Neo4j 5.1.0 ========
2022-11-14 05:22:34.014+0000 INFO  Bolt enabled on 0.0.0.0:7687.
2022-11-14 05:22:34.450+0000 INFO  Remote interface available at http://localhost:7474/
2022-11-14 05:22:34.452+0000 INFO  id: 23E17A0CD98C1DA6E0945C04EF45A8BAFFC130F52027AE2DD2279741AE462115
2022-11-14 05:22:34.452+0000 INFO  name: system
2022-11-14 05:22:34.452+0000 INFO  creationDate: 2022-11-11T05:57:16.999Z
2022-11-14 05:22:34.452+0000 INFO  Started.
2022-11-14 05:42:12.694+0000 INFO  Neo4j Server shutdown initiated by request
2022-11-14 05:42:12.694+0000 INFO  Stopping...
2022-11-14 05:42:14.873+0000 INFO  Stopped.
2022-11-14 05:42:18.321+0000 INFO  Starting...
2022-11-14 05:42:18.610+0000 INFO  This instance is ServerId{4754d6ca} (4754d6ca-5f77-49b1-8af9-f1cdaeb4599c)
2022-11-14 05:42:19.049+0000 INFO  ======== Neo4j 5.1.0 ========
2022-11-14 05:42:19.773+0000 INFO  Bolt enabled on 0.0.0.0:7687.
2022-11-14 05:42:20.158+0000 INFO  Remote interface available at http://localhost:7474/
2022-11-14 05:42:20.160+0000 INFO  id: 23E17A0CD98C1DA6E0945C04EF45A8BAFFC130F52027AE2DD2279741AE462115
2022-11-14 05:42:20.160+0000 INFO  name: system
2022-11-14 05:42:20.160+0000 INFO  creationDate: 2022-11-11T05:57:16.999Z
2022-11-14 05:42:20.160+0000 INFO  Started.
2022-11-14 05:46:23.958+0000 INFO  Neo4j Server shutdown initiated by request
2022-11-14 05:46:23.958+0000 INFO  Stopping...
2022-11-14 05:46:26.256+0000 INFO  Stopped.
2022-11-14 05:46:32.218+0000 INFO  Starting...
2022-11-14 05:46:32.568+0000 INFO  This instance is ServerId{4754d6ca} (4754d6ca-5f77-49b1-8af9-f1cdaeb4599c)
2022-11-14 05:46:33.123+0000 INFO  ======== Neo4j 5.1.0 ========
2022-11-14 05:46:33.842+0000 INFO  Bolt enabled on 0.0.0.0:7687.
2022-11-14 05:46:34.236+0000 INFO  Remote interface available at http://localhost:7474/
2022-11-14 05:46:34.238+0000 INFO  id: 23E17A0CD98C1DA6E0945C04EF45A8BAFFC130F52027AE2DD2279741AE462115
2022-11-14 05:46:34.238+0000 INFO  name: system
2022-11-14 05:46:34.239+0000 INFO  creationDate: 2022-11-11T05:57:16.999Z
2022-11-14 05:46:34.239+0000 INFO  Started.
2022-11-14 06:26:00.233+0000 INFO  Neo4j Server shutdown initiated by request
2022-11-14 06:26:00.234+0000 INFO  Stopping...
2022-11-14 06:26:06.714+0000 INFO  Stopped.
2022-11-14 06:27:35.680+0000 INFO  Starting...
2022-11-14 06:27:35.941+0000 INFO  This instance is ServerId{4754d6ca} (4754d6ca-5f77-49b1-8af9-f1cdaeb4599c)
2022-11-14 06:27:36.369+0000 INFO  ======== Neo4j 5.1.0 ========
2022-11-14 06:27:37.154+0000 INFO  Bolt enabled on 0.0.0.0:7687.
2022-11-14 06:27:37.539+0000 INFO  Remote interface available at http://localhost:7474/
2022-11-14 06:27:37.540+0000 INFO  id: 23E17A0CD98C1DA6E0945C04EF45A8BAFFC130F52027AE2DD2279741AE462115
2022-11-14 06:27:37.540+0000 INFO  name: system
2022-11-14 06:27:37.541+0000 INFO  creationDate: 2022-11-11T05:57:16.999Z
2022-11-14 06:27:37.541+0000 INFO  Started.
2022-11-14 06:31:37.230+0000 INFO  Neo4j Server shutdown initiated by request
2022-11-14 06:31:37.230+0000 INFO  Stopping...
2022-11-14 06:31:39.483+0000 INFO  Stopped.
2022-11-14 06:33:42.389+0000 INFO  Starting...
2022-11-14 06:33:42.687+0000 INFO  This instance is ServerId{4754d6ca} (4754d6ca-5f77-49b1-8af9-f1cdaeb4599c)
2022-11-14 06:33:43.336+0000 INFO  ======== Neo4j 5.1.0 ========
2022-11-14 06:33:44.170+0000 INFO  Bolt enabled on 0.0.0.0:7687.
2022-11-14 06:33:44.716+0000 INFO  Remote interface available at http://localhost:7474/
2022-11-14 06:33:44.720+0000 INFO  id: 23E17A0CD98C1DA6E0945C04EF45A8BAFFC130F52027AE2DD2279741AE462115
2022-11-14 06:33:44.720+0000 INFO  name: system
2022-11-14 06:33:44.721+0000 INFO  creationDate: 2022-11-11T05:57:16.999Z
2022-11-14 06:33:44.721+0000 INFO  Started.
2022-11-14 06:44:29.913+0000 INFO  Neo4j Server shutdown initiated by request
2022-11-14 06:44:29.915+0000 INFO  Stopping...
2022-11-14 06:44:32.147+0000 INFO  Stopped.
2022-11-14 06:46:46.783+0000 INFO  Starting...
2022-11-14 06:46:47.147+0000 INFO  This instance is ServerId{4754d6ca} (4754d6ca-5f77-49b1-8af9-f1cdaeb4599c)
2022-11-14 06:46:47.786+0000 INFO  ======== Neo4j 5.1.0 ========
2022-11-14 06:46:48.585+0000 INFO  Bolt enabled on 0.0.0.0:7687.
2022-11-14 06:46:48.937+0000 INFO  Remote interface available at http://localhost:7474/
2022-11-14 06:46:48.939+0000 INFO  id: 23E17A0CD98C1DA6E0945C04EF45A8BAFFC130F52027AE2DD2279741AE462115
2022-11-14 06:46:48.939+0000 INFO  name: system
2022-11-14 06:46:48.939+0000 INFO  creationDate: 2022-11-11T05:57:16.999Z
2022-11-14 06:46:48.940+0000 INFO  Started.
2022-11-14 09:22:58.190+0000 ERROR Client triggered an unexpected error [Neo.DatabaseError.General.UnknownError]: Lexical error at line 1, column 206.  Encountered: <EOF> after : "", reference 07618fe1-2711-4b63-8024-175de892d705.
2022-11-14 12:33:41.192+0000 INFO  Neo4j Server shutdown initiated by request
2022-11-14 12:33:41.193+0000 INFO  Stopping...
2022-11-14 12:33:43.227+0000 INFO  Stopped.
2022-11-14 12:36:36.476+0000 INFO  Starting...
2022-11-14 12:36:36.841+0000 INFO  This instance is ServerId{4754d6ca} (4754d6ca-5f77-49b1-8af9-f1cdaeb4599c)
2022-11-14 12:36:37.426+0000 INFO  ======== Neo4j 5.1.0 ========
2022-11-14 12:36:38.439+0000 INFO  Bolt enabled on 0.0.0.0:7687.
2022-11-14 12:36:38.820+0000 INFO  Remote interface available at http://localhost:7474/
2022-11-14 12:36:38.821+0000 INFO  id: 23E17A0CD98C1DA6E0945C04EF45A8BAFFC130F52027AE2DD2279741AE462115
2022-11-14 12:36:38.822+0000 INFO  name: system
2022-11-14 12:36:38.822+0000 INFO  creationDate: 2022-11-11T05:57:16.999Z
2022-11-14 12:36:38.822+0000 INFO  Started.
2022-11-14 12:46:58.523+0000 INFO  Neo4j Server shutdown initiated by request
2022-11-14 12:46:58.524+0000 INFO  Stopping...
2022-11-14 12:47:00.555+0000 INFO  Stopped.
2022-11-14 12:48:45.715+0000 INFO  Starting...
2022-11-14 12:48:45.996+0000 INFO  This instance is ServerId{4754d6ca} (4754d6ca-5f77-49b1-8af9-f1cdaeb4599c)
2022-11-14 12:48:46.716+0000 INFO  ======== Neo4j 5.1.0 ========
2022-11-14 12:48:48.183+0000 INFO  Bolt enabled on 0.0.0.0:7687.
2022-11-14 12:48:48.712+0000 INFO  Remote interface available at http://localhost:7474/
2022-11-14 12:48:48.714+0000 INFO  id: 7DAEA501EFAD8EF8FB9E5856138D4A0FB12942454D56A2C6E63045FE2E5C904E
2022-11-14 12:48:48.714+0000 INFO  name: system
2022-11-14 12:48:48.715+0000 INFO  creationDate: 2022-11-14T12:48:47.21Z
2022-11-14 12:48:48.715+0000 INFO  Started.
2022-11-14 13:27:23.650+0000 INFO  Neo4j Server shutdown initiated by request
2022-11-14 13:27:23.653+0000 INFO  Stopping...
2022-11-14 13:27:25.696+0000 INFO  Stopped.
2022-11-15 05:32:51.724+0000 INFO  Starting...
2022-11-15 05:32:52.096+0000 INFO  This instance is ServerId{4754d6ca} (4754d6ca-5f77-49b1-8af9-f1cdaeb4599c)
2022-11-15 05:32:52.793+0000 INFO  ======== Neo4j 5.1.0 ========
2022-11-15 05:32:54.446+0000 INFO  Bolt enabled on 0.0.0.0:7687.
2022-11-15 05:32:55.155+0000 INFO  Remote interface available at http://localhost:7474/
2022-11-15 05:32:55.159+0000 INFO  id: 02C91999B7A93BE7B3B2753D6F4F2A2B682A489640DAE3C4328FA8917F092DE1
2022-11-15 05:32:55.160+0000 INFO  name: system
2022-11-15 05:32:55.160+0000 INFO  creationDate: 2022-11-15T05:32:53.283Z
2022-11-15 05:32:55.160+0000 INFO  Started.
2022-11-15 09:42:40.398+0000 INFO  Neo4j Server shutdown initiated by request
2022-11-15 09:42:40.398+0000 INFO  Stopping...
2022-11-15 09:42:42.460+0000 INFO  Stopped.
2022-11-15 09:42:59.880+0000 INFO  Starting...
2022-11-15 09:43:00.280+0000 INFO  This instance is ServerId{4754d6ca} (4754d6ca-5f77-49b1-8af9-f1cdaeb4599c)
2022-11-15 09:43:01.108+0000 INFO  ======== Neo4j 5.1.0 ========
2022-11-15 09:43:02.363+0000 INFO  Bolt enabled on 0.0.0.0:7687.
2022-11-15 09:43:02.826+0000 INFO  Remote interface available at http://localhost:7474/
2022-11-15 09:43:02.831+0000 INFO  id: 02C91999B7A93BE7B3B2753D6F4F2A2B682A489640DAE3C4328FA8917F092DE1
2022-11-15 09:43:02.832+0000 INFO  name: system
2022-11-15 09:43:02.832+0000 INFO  creationDate: 2022-11-15T05:32:53.283Z
2022-11-15 09:43:02.832+0000 INFO  Started.
2022-11-15 09:44:52.232+0000 INFO  Neo4j Server shutdown initiated by request
2022-11-15 09:44:52.233+0000 INFO  Stopping...
2022-11-15 09:44:54.500+0000 INFO  Stopped.
2022-11-15 09:47:37.776+0000 INFO  Starting...
2022-11-15 09:47:38.326+0000 INFO  This instance is ServerId{4754d6ca} (4754d6ca-5f77-49b1-8af9-f1cdaeb4599c)
2022-11-15 09:47:38.905+0000 INFO  ======== Neo4j 5.1.0 ========
2022-11-15 09:47:39.970+0000 INFO  Bolt enabled on 0.0.0.0:7687.
2022-11-15 09:47:40.410+0000 INFO  Remote interface available at http://localhost:7474/
2022-11-15 09:47:40.412+0000 INFO  id: 02C91999B7A93BE7B3B2753D6F4F2A2B682A489640DAE3C4328FA8917F092DE1
2022-11-15 09:47:40.413+0000 INFO  name: system
2022-11-15 09:47:40.413+0000 INFO  creationDate: 2022-11-15T05:32:53.283Z
2022-11-15 09:47:40.413+0000 INFO  Started.
2022-11-15 10:19:33.493+0000 INFO  Neo4j Server shutdown initiated by request
2022-11-15 10:19:33.494+0000 INFO  Stopping...
2022-11-15 10:19:35.629+0000 INFO  Stopped.
2022-11-16 05:16:20.042+0000 INFO  Starting...
2022-11-16 05:16:20.459+0000 INFO  This instance is ServerId{4754d6ca} (4754d6ca-5f77-49b1-8af9-f1cdaeb4599c)
2022-11-16 05:16:21.002+0000 INFO  ======== Neo4j 5.1.0 ========
2022-11-16 05:16:22.254+0000 INFO  Bolt enabled on 0.0.0.0:7687.
2022-11-16 05:16:22.844+0000 INFO  Remote interface available at http://localhost:7474/
2022-11-16 05:16:22.846+0000 INFO  id: 02C91999B7A93BE7B3B2753D6F4F2A2B682A489640DAE3C4328FA8917F092DE1
2022-11-16 05:16:22.846+0000 INFO  name: system
2022-11-16 05:16:22.846+0000 INFO  creationDate: 2022-11-15T05:32:53.283Z
2022-11-16 05:16:22.846+0000 INFO  Started.
2022-11-16 05:23:37.055+0000 INFO  Neo4j Server shutdown initiated by request
2022-11-16 05:23:37.056+0000 INFO  Stopping...
2022-11-16 05:23:39.324+0000 INFO  Stopped.
2022-11-16 05:24:14.916+0000 INFO  Starting...
2022-11-16 05:24:15.566+0000 INFO  This instance is ServerId{4754d6ca} (4754d6ca-5f77-49b1-8af9-f1cdaeb4599c)
2022-11-16 05:24:16.508+0000 INFO  ======== Neo4j 5.1.0 ========
2022-11-16 05:24:17.759+0000 INFO  Bolt enabled on 0.0.0.0:7687.
2022-11-16 05:24:18.543+0000 INFO  Remote interface available at http://localhost:7474/
2022-11-16 05:24:18.547+0000 INFO  id: 02C91999B7A93BE7B3B2753D6F4F2A2B682A489640DAE3C4328FA8917F092DE1
2022-11-16 05:24:18.548+0000 INFO  name: system
2022-11-16 05:24:18.548+0000 INFO  creationDate: 2022-11-15T05:32:53.283Z
2022-11-16 05:24:18.548+0000 INFO  Started.
2022-11-16 06:02:35.175+0000 ERROR Client triggered an unexpected error [Neo.DatabaseError.General.UnknownError]: Lexical error at line 1, column 37.  Encountered: <EOF> after : "", reference 4ca8b4f2-19da-4e4b-a259-630ea5039513.
2022-11-16 06:02:35.568+0000 ERROR Client triggered an unexpected error [Neo.DatabaseError.General.UnknownError]: Lexical error at line 1, column 44.  Encountered: <EOF> after : "", reference efcd6447-c4c1-405a-a3d7-a79cfa40a443.
2022-11-16 06:18:30.275+0000 ERROR Client triggered an unexpected error [Neo.DatabaseError.General.UnknownError]: Lexical error at line 1, column 37.  Encountered: <EOF> after : "", reference 1c9c9529-3566-466b-8d06-8d9207eab6aa.
2022-11-16 06:18:31.873+0000 ERROR Client triggered an unexpected error [Neo.DatabaseError.General.UnknownError]: Lexical error at line 1, column 44.  Encountered: <EOF> after : "", reference 1c7110a7-daea-4c3c-8641-d30a76e5748d.
2022-11-16 06:18:32.748+0000 ERROR Client triggered an unexpected error [Neo.DatabaseError.General.UnknownError]: Lexical error at line 1, column 56.  Encountered: <EOF> after : "", reference 22a12e56-c00e-406b-bdf8-c86206cb930c.
2022-11-16 06:18:33.875+0000 ERROR Client triggered an unexpected error [Neo.DatabaseError.General.UnknownError]: Lexical error at line 1, column 38.  Encountered: <EOF> after : "", reference 38a9846b-ea15-4fd4-822b-137056aaa449.
2022-11-16 06:18:35.194+0000 ERROR Client triggered an unexpected error [Neo.DatabaseError.General.UnknownError]: Lexical error at line 1, column 38.  Encountered: <EOF> after : "", reference 44799a44-310f-4799-8da8-8aefce547220.
2022-11-16 06:32:06.234+0000 INFO  Neo4j Server shutdown initiated by request
2022-11-16 06:32:06.234+0000 INFO  Stopping...
2022-11-16 06:32:08.291+0000 INFO  Stopped.
2022-11-16 06:32:53.560+0000 INFO  Starting...
2022-11-16 06:32:53.978+0000 INFO  This instance is ServerId{4754d6ca} (4754d6ca-5f77-49b1-8af9-f1cdaeb4599c)
2022-11-16 06:32:54.513+0000 INFO  ======== Neo4j 5.1.0 ========
2022-11-16 06:32:55.506+0000 INFO  Bolt enabled on 0.0.0.0:7687.
2022-11-16 06:32:56.050+0000 INFO  Remote interface available at http://localhost:7474/
2022-11-16 06:32:56.053+0000 INFO  id: 02C91999B7A93BE7B3B2753D6F4F2A2B682A489640DAE3C4328FA8917F092DE1
2022-11-16 06:32:56.054+0000 INFO  name: system
2022-11-16 06:32:56.054+0000 INFO  creationDate: 2022-11-15T05:32:53.283Z
2022-11-16 06:32:56.054+0000 INFO  Started.
2022-11-16 06:45:52.257+0000 INFO  Neo4j Server shutdown initiated by request
2022-11-16 06:45:52.258+0000 INFO  Stopping...
2022-11-16 06:45:54.331+0000 INFO  Stopped.
2022-11-16 06:47:09.735+0000 INFO  Starting...
2022-11-16 06:47:10.033+0000 INFO  This instance is ServerId{4754d6ca} (4754d6ca-5f77-49b1-8af9-f1cdaeb4599c)
2022-11-16 06:47:10.861+0000 INFO  ======== Neo4j 5.1.0 ========
2022-11-16 06:47:12.458+0000 INFO  Bolt enabled on 0.0.0.0:7687.
2022-11-16 06:47:12.835+0000 INFO  Remote interface available at http://localhost:7474/
2022-11-16 06:47:12.837+0000 INFO  id: 3D4508C55DDF07BD89882D2FB22F852DFEC53A8C2CF72B3AFFF2F9E79EF84A67
2022-11-16 06:47:12.837+0000 INFO  name: system
2022-11-16 06:47:12.838+0000 INFO  creationDate: 2022-11-16T06:47:11.425Z
2022-11-16 06:47:12.838+0000 INFO  Started.
2022-11-16 07:08:26.452+0000 INFO  Neo4j Server shutdown initiated by request
2022-11-16 07:08:26.453+0000 INFO  Stopping...
2022-11-16 07:08:28.570+0000 INFO  Stopped.
2022-11-16 07:09:35.895+0000 INFO  Starting...
2022-11-16 07:09:36.482+0000 INFO  This instance is ServerId{4754d6ca} (4754d6ca-5f77-49b1-8af9-f1cdaeb4599c)
2022-11-16 07:09:37.323+0000 INFO  ======== Neo4j 5.1.0 ========
2022-11-16 07:09:39.288+0000 INFO  Bolt enabled on 0.0.0.0:7687.
2022-11-16 07:09:40.076+0000 INFO  Remote interface available at http://localhost:7474/
2022-11-16 07:09:40.081+0000 INFO  id: 6BDD9EEB53D0898578A83FCA8D4F44D64580D67B262CC58C47B9978E84F83105
2022-11-16 07:09:40.082+0000 INFO  name: system
2022-11-16 07:09:40.082+0000 INFO  creationDate: 2022-11-16T07:09:38.086Z
2022-11-16 07:09:40.082+0000 INFO  Started.
2022-11-16 08:46:56.725+0000 INFO  Neo4j Server shutdown initiated by request
2022-11-16 08:46:56.725+0000 INFO  Stopping...
2022-11-16 08:46:58.772+0000 INFO  Stopped.
2022-11-16 08:47:41.587+0000 INFO  Starting...
2022-11-16 08:47:42.158+0000 INFO  This instance is ServerId{4754d6ca} (4754d6ca-5f77-49b1-8af9-f1cdaeb4599c)
2022-11-16 08:47:42.829+0000 INFO  ======== Neo4j 5.1.0 ========
2022-11-16 08:47:43.776+0000 INFO  Bolt enabled on 0.0.0.0:7687.
2022-11-16 08:47:44.224+0000 INFO  Remote interface available at http://localhost:7474/
2022-11-16 08:47:44.227+0000 INFO  id: 6BDD9EEB53D0898578A83FCA8D4F44D64580D67B262CC58C47B9978E84F83105
2022-11-16 08:47:44.227+0000 INFO  name: system
2022-11-16 08:47:44.227+0000 INFO  creationDate: 2022-11-16T07:09:38.086Z
2022-11-16 08:47:44.227+0000 INFO  Started.
2022-11-16 08:47:47.362+0000 INFO  Neo4j Server shutdown initiated by request
2022-11-16 08:47:47.362+0000 INFO  Stopping...
2022-11-16 08:47:49.698+0000 INFO  Stopped.
2022-11-16 08:48:34.647+0000 INFO  Starting...
2022-11-16 08:48:35.069+0000 INFO  This instance is ServerId{4754d6ca} (4754d6ca-5f77-49b1-8af9-f1cdaeb4599c)
2022-11-16 08:48:35.647+0000 INFO  ======== Neo4j 5.1.0 ========
2022-11-16 08:48:37.314+0000 INFO  Bolt enabled on 0.0.0.0:7687.
2022-11-16 08:48:37.880+0000 INFO  Remote interface available at http://localhost:7474/
2022-11-16 08:48:37.882+0000 INFO  id: 3232B59EFE1F686E94E289CEAA8769B179ADA70E35DAD45EDFDFD83F333899C9
2022-11-16 08:48:37.882+0000 INFO  name: system
2022-11-16 08:48:37.882+0000 INFO  creationDate: 2022-11-16T08:48:36.179Z
2022-11-16 08:48:37.882+0000 INFO  Started.
2022-11-16 10:39:51.548+0000 INFO  Neo4j Server shutdown initiated by request
2022-11-16 10:39:51.548+0000 INFO  Stopping...
2022-11-16 10:39:53.597+0000 INFO  Stopped.
2022-11-16 10:53:45.679+0000 INFO  Starting...
2022-11-16 10:53:46.066+0000 INFO  This instance is ServerId{4754d6ca} (4754d6ca-5f77-49b1-8af9-f1cdaeb4599c)
2022-11-16 10:53:46.728+0000 INFO  ======== Neo4j 5.1.0 ========
2022-11-16 10:53:47.802+0000 INFO  Bolt enabled on 0.0.0.0:7687.
2022-11-16 10:53:48.263+0000 INFO  Remote interface available at http://localhost:7474/
2022-11-16 10:53:48.265+0000 INFO  id: 3232B59EFE1F686E94E289CEAA8769B179ADA70E35DAD45EDFDFD83F333899C9
2022-11-16 10:53:48.265+0000 INFO  name: system
2022-11-16 10:53:48.265+0000 INFO  creationDate: 2022-11-16T08:48:36.179Z
2022-11-16 10:53:48.265+0000 INFO  Started.
2022-11-16 11:39:34.572+0000 INFO  Neo4j Server shutdown initiated by request
2022-11-16 11:39:34.573+0000 INFO  Stopping...
2022-11-16 11:39:36.819+0000 INFO  Stopped.
2022-11-16 11:43:37.014+0000 INFO  Starting...
2022-11-16 11:43:37.369+0000 INFO  This instance is ServerId{4754d6ca} (4754d6ca-5f77-49b1-8af9-f1cdaeb4599c)
2022-11-16 11:43:37.878+0000 INFO  ======== Neo4j 5.1.0 ========
2022-11-16 11:43:38.945+0000 INFO  Bolt enabled on 0.0.0.0:7687.
2022-11-16 11:43:39.334+0000 INFO  Remote interface available at http://localhost:7474/
2022-11-16 11:43:39.336+0000 INFO  id: 3232B59EFE1F686E94E289CEAA8769B179ADA70E35DAD45EDFDFD83F333899C9
2022-11-16 11:43:39.336+0000 INFO  name: system
2022-11-16 11:43:39.336+0000 INFO  creationDate: 2022-11-16T08:48:36.179Z
2022-11-16 11:43:39.337+0000 INFO  Started.
2022-11-16 12:00:56.635+0000 ERROR Client triggered an unexpected error [Neo.DatabaseError.General.UnknownError]: Lexical error at line 1, column 37.  Encountered: <EOF> after : "", reference 91f99b4d-19ad-4db7-8033-a4068cf61164.
2022-11-16 12:00:57.116+0000 ERROR Client triggered an unexpected error [Neo.DatabaseError.General.UnknownError]: Lexical error at line 1, column 43.  Encountered: <EOF> after : "", reference 68008f29-e8a0-4e1a-b957-c9264a2359e6.
2022-11-16 12:06:10.531+0000 INFO  Neo4j Server shutdown initiated by request
2022-11-16 12:06:10.531+0000 INFO  Stopping...
2022-11-16 12:06:12.597+0000 INFO  Stopped.
2022-11-16 12:25:27.559+0000 INFO  Starting...
2022-11-16 12:25:27.892+0000 INFO  This instance is ServerId{4754d6ca} (4754d6ca-5f77-49b1-8af9-f1cdaeb4599c)
2022-11-16 12:25:28.456+0000 INFO  ======== Neo4j 5.1.0 ========
2022-11-16 12:25:29.495+0000 INFO  Bolt enabled on 0.0.0.0:7687.
2022-11-16 12:25:30.036+0000 INFO  Remote interface available at http://localhost:7474/
2022-11-16 12:25:30.040+0000 INFO  id: 3232B59EFE1F686E94E289CEAA8769B179ADA70E35DAD45EDFDFD83F333899C9
2022-11-16 12:25:30.041+0000 INFO  name: system
2022-11-16 12:25:30.041+0000 INFO  creationDate: 2022-11-16T08:48:36.179Z
2022-11-16 12:25:30.047+0000 INFO  Started.
2022-11-16 12:27:31.176+0000 INFO  Neo4j Server shutdown initiated by request
2022-11-16 12:27:31.177+0000 INFO  Stopping...
2022-11-16 12:27:33.487+0000 INFO  Stopped.
2022-11-17 05:30:51.066+0000 INFO  Starting...
2022-11-17 05:30:51.432+0000 INFO  This instance is ServerId{4754d6ca} (4754d6ca-5f77-49b1-8af9-f1cdaeb4599c)
2022-11-17 05:30:52.057+0000 INFO  ======== Neo4j 5.1.0 ========
2022-11-17 05:30:53.129+0000 INFO  Bolt enabled on 0.0.0.0:7687.
2022-11-17 05:30:53.781+0000 INFO  Remote interface available at http://localhost:7474/
2022-11-17 05:30:53.784+0000 INFO  id: 3232B59EFE1F686E94E289CEAA8769B179ADA70E35DAD45EDFDFD83F333899C9
2022-11-17 05:30:53.784+0000 INFO  name: system
2022-11-17 05:30:53.784+0000 INFO  creationDate: 2022-11-16T08:48:36.179Z
2022-11-17 05:30:53.784+0000 INFO  Started.
2022-11-17 05:53:37.882+0000 INFO  Neo4j Server shutdown initiated by request
2022-11-17 05:53:37.882+0000 INFO  Stopping...
2022-11-17 05:53:40.134+0000 INFO  Stopped.
2022-11-17 05:54:31.381+0000 INFO  Starting...
2022-11-17 05:54:31.869+0000 INFO  This instance is ServerId{4754d6ca} (4754d6ca-5f77-49b1-8af9-f1cdaeb4599c)
2022-11-17 05:54:32.517+0000 INFO  ======== Neo4j 5.1.0 ========
2022-11-17 05:54:33.688+0000 INFO  Bolt enabled on 0.0.0.0:7687.
2022-11-17 05:54:34.123+0000 INFO  Remote interface available at http://localhost:7474/
2022-11-17 05:54:34.126+0000 INFO  id: 3232B59EFE1F686E94E289CEAA8769B179ADA70E35DAD45EDFDFD83F333899C9
2022-11-17 05:54:34.126+0000 INFO  name: system
2022-11-17 05:54:34.126+0000 INFO  creationDate: 2022-11-16T08:48:36.179Z
2022-11-17 05:54:34.126+0000 INFO  Started.
2022-11-17 06:59:14.908+0000 INFO  Neo4j Server shutdown initiated by request
2022-11-17 06:59:14.909+0000 INFO  Stopping...
2022-11-17 06:59:16.966+0000 INFO  Stopped.
2022-11-21 07:22:54.037+0000 INFO  Starting...
2022-11-21 07:22:54.332+0000 INFO  This instance is ServerId{4754d6ca} (4754d6ca-5f77-49b1-8af9-f1cdaeb4599c)
2022-11-21 07:22:54.917+0000 INFO  ======== Neo4j 5.1.0 ========
2022-11-21 07:22:56.227+0000 INFO  Bolt enabled on 0.0.0.0:7687.
2022-11-21 07:22:56.612+0000 INFO  Remote interface available at http://localhost:7474/
2022-11-21 07:22:56.614+0000 INFO  id: 1F1255C314D33D907D9FE6A1B97E8479A85334257D911BF605797FA312BD0D35
2022-11-21 07:22:56.614+0000 INFO  name: system
2022-11-21 07:22:56.614+0000 INFO  creationDate: 2022-11-21T07:22:55.32Z
2022-11-21 07:22:56.614+0000 INFO  Started.
2022-11-21 07:23:02.784+0000 INFO  Neo4j Server shutdown initiated by request
2022-11-21 07:23:02.785+0000 INFO  Stopping...
2022-11-21 07:23:05.173+0000 INFO  Stopped.
2022-11-21 08:48:24.120+0000 INFO  Starting...
2022-11-21 08:48:24.623+0000 INFO  This instance is ServerId{4754d6ca} (4754d6ca-5f77-49b1-8af9-f1cdaeb4599c)
2022-11-21 08:48:25.487+0000 INFO  ======== Neo4j 5.1.0 ========
2022-11-21 08:48:26.489+0000 INFO  Bolt enabled on 0.0.0.0:7687.
2022-11-21 08:48:26.923+0000 INFO  Remote interface available at http://localhost:7474/
2022-11-21 08:48:26.926+0000 INFO  id: 1F1255C314D33D907D9FE6A1B97E8479A85334257D911BF605797FA312BD0D35
2022-11-21 08:48:26.927+0000 INFO  name: system
2022-11-21 08:48:26.927+0000 INFO  creationDate: 2022-11-21T07:22:55.32Z
2022-11-21 08:48:26.927+0000 INFO  Started.
2022-11-21 09:12:21.193+0000 ERROR Client triggered an unexpected error [Neo.DatabaseError.General.UnknownError]: Lexical error at line 1, column 41.  Encountered: <EOF> after : "", reference 115b56ee-2caf-4c6c-9c80-f1e243f996d2.
2022-11-21 09:12:21.933+0000 ERROR Client triggered an unexpected error [Neo.DatabaseError.General.UnknownError]: Lexical error at line 1, column 48.  Encountered: <EOF> after : "", reference f61086e6-1bfd-4dba-9abc-78bf537c9c5b.
2022-11-21 09:26:38.107+0000 INFO  Neo4j Server shutdown initiated by request
2022-11-21 09:26:38.108+0000 INFO  Stopping...
2022-11-21 09:26:40.162+0000 INFO  Stopped.
2022-11-21 10:02:22.955+0000 INFO  Starting...
2022-11-21 10:02:23.373+0000 INFO  This instance is ServerId{4754d6ca} (4754d6ca-5f77-49b1-8af9-f1cdaeb4599c)
2022-11-21 10:02:24.072+0000 INFO  ======== Neo4j 5.1.0 ========
2022-11-21 10:02:25.970+0000 INFO  Bolt enabled on 0.0.0.0:7687.
2022-11-21 10:02:26.378+0000 INFO  Remote interface available at http://localhost:7474/
2022-11-21 10:02:26.380+0000 INFO  id: 1A98F0EE96852CD6212D4A43287CAAF96B6ECA79AC1411622D12C00A3F94A350
2022-11-21 10:02:26.380+0000 INFO  name: system
2022-11-21 10:02:26.380+0000 INFO  creationDate: 2022-11-21T10:02:24.575Z
2022-11-21 10:02:26.380+0000 INFO  Started.
2022-11-21 10:05:56.842+0000 INFO  Neo4j Server shutdown initiated by request
2022-11-21 10:05:56.843+0000 INFO  Stopping...
2022-11-21 10:05:59.210+0000 INFO  Stopped.
2022-11-21 10:10:24.454+0000 INFO  Starting...
2022-11-21 10:10:25.154+0000 INFO  This instance is ServerId{4754d6ca} (4754d6ca-5f77-49b1-8af9-f1cdaeb4599c)
2022-11-21 10:10:26.140+0000 INFO  ======== Neo4j 5.1.0 ========
2022-11-21 10:10:27.408+0000 INFO  Bolt enabled on 0.0.0.0:7687.
2022-11-21 10:10:28.153+0000 INFO  Remote interface available at http://localhost:7474/
2022-11-21 10:10:28.157+0000 INFO  id: 1A98F0EE96852CD6212D4A43287CAAF96B6ECA79AC1411622D12C00A3F94A350
2022-11-21 10:10:28.157+0000 INFO  name: system
2022-11-21 10:10:28.157+0000 INFO  creationDate: 2022-11-21T10:02:24.575Z
2022-11-21 10:10:28.157+0000 INFO  Started.
2022-11-21 13:28:16.670+0000 INFO  Neo4j Server shutdown initiated by request
2022-11-21 13:28:16.671+0000 INFO  Stopping...
2022-11-21 13:28:18.745+0000 INFO  Stopped.
2022-11-22 04:58:39.905+0000 INFO  Starting...
2022-11-22 04:58:40.189+0000 INFO  This instance is ServerId{4754d6ca} (4754d6ca-5f77-49b1-8af9-f1cdaeb4599c)
2022-11-22 04:58:40.724+0000 INFO  ======== Neo4j 5.1.0 ========
2022-11-22 04:58:41.581+0000 INFO  Bolt enabled on 0.0.0.0:7687.
2022-11-22 04:58:41.988+0000 INFO  Remote interface available at http://localhost:7474/
2022-11-22 04:58:41.990+0000 INFO  id: 1A98F0EE96852CD6212D4A43287CAAF96B6ECA79AC1411622D12C00A3F94A350
2022-11-22 04:58:41.990+0000 INFO  name: system
2022-11-22 04:58:41.990+0000 INFO  creationDate: 2022-11-21T10:02:24.575Z
2022-11-22 04:58:41.990+0000 INFO  Started.
2022-11-22 11:12:32.588+0000 INFO  Neo4j Server shutdown initiated by request
2022-11-22 11:12:32.588+0000 INFO  Stopping...
2022-11-22 11:12:34.842+0000 INFO  Stopped.
2023-07-12 04:53:41.267+0000 INFO  Starting...
2023-07-12 04:53:41.823+0000 INFO  This instance is ServerId{4754d6ca} (4754d6ca-5f77-49b1-8af9-f1cdaeb4599c)
2023-07-12 04:53:42.275+0000 INFO  ======== Neo4j 5.9.0 ========
2023-07-12 04:53:43.416+0000 INFO  Bolt enabled on 0.0.0.0:7687.
2023-07-12 04:53:43.930+0000 INFO  Remote interface available at http://localhost:7474/
2023-07-12 04:53:43.933+0000 INFO  id: 1A98F0EE96852CD6212D4A43287CAAF96B6ECA79AC1411622D12C00A3F94A350
2023-07-12 04:53:43.933+0000 INFO  name: system
2023-07-12 04:53:43.933+0000 INFO  creationDate: 2022-11-21T10:02:24.575Z
2023-07-12 04:53:43.934+0000 INFO  Started.
2023-07-12 04:54:35.453+0000 INFO  Neo4j Server shutdown initiated by request
2023-07-12 04:54:35.453+0000 INFO  Stopping...
2023-07-12 04:54:40.873+0000 INFO  Stopped.
2023-07-12 04:55:19.146+0000 INFO  Starting...
2023-07-12 04:55:20.136+0000 INFO  This instance is ServerId{4754d6ca} (4754d6ca-5f77-49b1-8af9-f1cdaeb4599c)
2023-07-12 04:55:21.698+0000 INFO  ======== Neo4j 5.9.0 ========
2023-07-12 04:55:23.136+0000 INFO  Bolt enabled on 0.0.0.0:7687.
2023-07-12 04:55:23.936+0000 INFO  Remote interface available at http://localhost:7474/
2023-07-12 04:55:23.939+0000 INFO  id: 1A98F0EE96852CD6212D4A43287CAAF96B6ECA79AC1411622D12C00A3F94A350
2023-07-12 04:55:23.940+0000 INFO  name: system
2023-07-12 04:55:23.940+0000 INFO  creationDate: 2022-11-21T10:02:24.575Z
2023-07-12 04:55:23.940+0000 INFO  Started.
2023-07-12 07:25:19.102+0000 INFO  Neo4j Server shutdown initiated by request
2023-07-12 07:25:19.125+0000 INFO  Stopping...
2023-07-12 07:25:24.452+0000 INFO  Stopped.
2023-07-12 07:25:56.838+0000 INFO  Starting...
2023-07-12 07:25:59.216+0000 INFO  This instance is ServerId{4754d6ca} (4754d6ca-5f77-49b1-8af9-f1cdaeb4599c)
2023-07-12 07:25:59.658+0000 INFO  ======== Neo4j 5.9.0 ========
2023-07-12 07:26:02.188+0000 INFO  Bolt enabled on 0.0.0.0:7687.
2023-07-12 07:26:02.881+0000 INFO  Remote interface available at http://localhost:7474/
2023-07-12 07:26:02.884+0000 INFO  id: 1A98F0EE96852CD6212D4A43287CAAF96B6ECA79AC1411622D12C00A3F94A350
2023-07-12 07:26:02.885+0000 INFO  name: system
2023-07-12 07:26:02.885+0000 INFO  creationDate: 2022-11-21T10:02:24.575Z
2023-07-12 07:26:02.885+0000 INFO  Started.
2023-07-12 07:37:13.464+0000 INFO  Neo4j Server shutdown initiated by request
2023-07-12 07:37:13.464+0000 INFO  Stopping...
2023-07-12 07:37:18.753+0000 INFO  Stopped.
2023-07-12 07:37:54.372+0000 INFO  Starting...
2023-07-12 07:37:55.620+0000 INFO  This instance is ServerId{4754d6ca} (4754d6ca-5f77-49b1-8af9-f1cdaeb4599c)
2023-07-12 07:37:56.822+0000 INFO  ======== Neo4j 5.9.0 ========
2023-07-12 07:37:58.855+0000 INFO  Bolt enabled on 0.0.0.0:7687.
2023-07-12 07:37:59.364+0000 INFO  Remote interface available at http://localhost:7474/
2023-07-12 07:37:59.367+0000 INFO  id: 1A98F0EE96852CD6212D4A43287CAAF96B6ECA79AC1411622D12C00A3F94A350
2023-07-12 07:37:59.367+0000 INFO  name: system
2023-07-12 07:37:59.367+0000 INFO  creationDate: 2022-11-21T10:02:24.575Z
2023-07-12 07:37:59.368+0000 INFO  Started.
2023-07-12 08:22:27.650+0000 WARN  The client is unauthorized due to authentication failure.
2023-07-12 08:22:27.660+0000 WARN  The client is unauthorized due to authentication failure.
2023-07-12 08:22:27.684+0000 WARN  The client is unauthorized due to authentication failure.
2023-07-12 08:22:47.556+0000 WARN  The client is unauthorized due to authentication failure.
2023-07-12 08:22:47.569+0000 WARN  The client is unauthorized due to authentication failure.
2023-07-12 08:22:47.587+0000 WARN  The client is unauthorized due to authentication failure.
2023-07-12 08:22:56.114+0000 WARN  The client is unauthorized due to authentication failure.
2023-07-12 08:22:56.126+0000 WARN  The client has provided incorrect authentication details too many times in a row.
2023-07-12 08:23:23.761+0000 WARN  The client is unauthorized due to authentication failure.
2023-07-12 08:23:23.777+0000 WARN  The client has provided incorrect authentication details too many times in a row.
2023-07-12 08:23:23.793+0000 WARN  The client has provided incorrect authentication details too many times in a row.
2023-07-12 08:23:43.415+0000 WARN  The client is unauthorized due to authentication failure.
2023-07-12 08:23:43.432+0000 WARN  The client has provided incorrect authentication details too many times in a row.
2023-07-12 08:25:40.738+0000 WARN  The client is unauthorized due to authentication failure.
2023-07-12 08:25:40.767+0000 WARN  The client has provided incorrect authentication details too many times in a row.
2023-07-12 08:25:40.787+0000 WARN  The client has provided incorrect authentication details too many times in a row.
2023-07-12 08:26:05.871+0000 WARN  The client is unauthorized due to authentication failure.
2023-07-12 08:26:05.887+0000 WARN  The client has provided incorrect authentication details too many times in a row.
2023-07-12 08:26:14.374+0000 WARN  The client is unauthorized due to authentication failure.
2023-07-12 08:26:14.395+0000 WARN  The client has provided incorrect authentication details too many times in a row.
2023-07-12 08:26:14.411+0000 WARN  The client has provided incorrect authentication details too many times in a row.
2023-07-12 08:27:19.756+0000 INFO  Neo4j Server shutdown initiated by request
2023-07-12 08:27:19.757+0000 INFO  Stopping...
2023-07-12 08:27:25.151+0000 INFO  Stopped.
2023-07-12 08:27:29.453+0000 INFO  Starting...
2023-07-12 08:27:30.013+0000 INFO  This instance is ServerId{4754d6ca} (4754d6ca-5f77-49b1-8af9-f1cdaeb4599c)
2023-07-12 08:27:30.467+0000 INFO  ======== Neo4j 5.9.0 ========
2023-07-12 08:27:31.419+0000 INFO  Bolt enabled on 0.0.0.0:7687.
2023-07-12 08:27:31.858+0000 INFO  Remote interface available at http://localhost:7474/
2023-07-12 08:27:31.860+0000 INFO  id: 1A98F0EE96852CD6212D4A43287CAAF96B6ECA79AC1411622D12C00A3F94A350
2023-07-12 08:27:31.861+0000 INFO  name: system
2023-07-12 08:27:31.861+0000 INFO  creationDate: 2022-11-21T10:02:24.575Z
2023-07-12 08:27:31.861+0000 INFO  Started.
2023-07-12 08:27:59.054+0000 WARN  The client is unauthorized due to authentication failure.
2023-07-12 08:27:59.072+0000 WARN  The client is unauthorized due to authentication failure.
2023-07-12 08:27:59.091+0000 WARN  The client is unauthorized due to authentication failure.
2023-07-12 08:28:07.250+0000 WARN  The client is unauthorized due to authentication failure.
2023-07-12 08:28:07.280+0000 WARN  The client has provided incorrect authentication details too many times in a row.
2023-07-12 08:28:07.294+0000 WARN  The client has provided incorrect authentication details too many times in a row.
2023-07-12 08:28:13.296+0000 WARN  The client is unauthorized due to authentication failure.
2023-07-12 08:28:13.330+0000 WARN  The client has provided incorrect authentication details too many times in a row.
2023-07-12 08:29:38.772+0000 WARN  The client is unauthorized due to authentication failure.
2023-07-12 08:29:38.790+0000 WARN  The client has provided incorrect authentication details too many times in a row.
2023-07-12 08:31:01.698+0000 WARN  The client is unauthorized due to authentication failure.
2023-07-12 08:31:01.714+0000 WARN  The client has provided incorrect authentication details too many times in a row.
2023-07-12 08:31:01.728+0000 WARN  The client has provided incorrect authentication details too many times in a row.
2023-07-12 08:34:02.848+0000 WARN  The client is unauthorized due to authentication failure.
2023-07-12 08:34:02.867+0000 WARN  The client has provided incorrect authentication details too many times in a row.
2023-07-12 08:34:02.878+0000 WARN  The client has provided incorrect authentication details too many times in a row.
2023-07-12 08:34:53.703+0000 INFO  Neo4j Server shutdown initiated by request
2023-07-12 08:34:53.704+0000 INFO  Stopping...
2023-07-12 08:34:58.737+0000 INFO  Stopped.
2023-07-12 08:35:02.007+0000 INFO  Starting...
2023-07-12 08:35:02.583+0000 INFO  This instance is ServerId{4754d6ca} (4754d6ca-5f77-49b1-8af9-f1cdaeb4599c)
2023-07-12 08:35:03.060+0000 INFO  ======== Neo4j 5.9.0 ========
2023-07-12 08:35:04.038+0000 INFO  Bolt enabled on 0.0.0.0:7687.
2023-07-12 08:35:04.480+0000 INFO  Remote interface available at http://localhost:7474/
2023-07-12 08:35:04.482+0000 INFO  id: 1A98F0EE96852CD6212D4A43287CAAF96B6ECA79AC1411622D12C00A3F94A350
2023-07-12 08:35:04.482+0000 INFO  name: system
2023-07-12 08:35:04.482+0000 INFO  creationDate: 2022-11-21T10:02:24.575Z
2023-07-12 08:35:04.482+0000 INFO  Started.
2023-07-12 08:35:26.829+0000 WARN  The client is unauthorized due to authentication failure.
2023-07-12 08:35:26.838+0000 WARN  The client is unauthorized due to authentication failure.
2023-07-12 08:35:26.858+0000 WARN  The client is unauthorized due to authentication failure.
2023-07-12 08:35:44.221+0000 INFO  Neo4j Server shutdown initiated by request
2023-07-12 08:35:44.223+0000 INFO  Stopping...
2023-07-12 08:35:49.422+0000 INFO  Stopped.
2023-07-12 08:35:52.871+0000 INFO  Starting...
2023-07-12 08:35:53.396+0000 INFO  This instance is ServerId{4754d6ca} (4754d6ca-5f77-49b1-8af9-f1cdaeb4599c)
2023-07-12 08:35:53.923+0000 INFO  ======== Neo4j 5.9.0 ========
2023-07-12 08:35:54.719+0000 INFO  Neo4j Server shutdown initiated by request
2023-07-12 08:35:54.720+0000 INFO  Stopped.
2023-07-12 08:36:30.166+0000 INFO  Starting...
2023-07-12 08:36:30.681+0000 INFO  This instance is ServerId{4754d6ca} (4754d6ca-5f77-49b1-8af9-f1cdaeb4599c)
2023-07-12 08:36:31.164+0000 INFO  ======== Neo4j 5.9.0 ========
2023-07-12 08:36:32.120+0000 INFO  Bolt enabled on 0.0.0.0:7687.
2023-07-12 08:36:32.585+0000 INFO  Remote interface available at http://localhost:7474/
2023-07-12 08:36:32.586+0000 INFO  id: 1A98F0EE96852CD6212D4A43287CAAF96B6ECA79AC1411622D12C00A3F94A350
2023-07-12 08:36:32.587+0000 INFO  name: system
2023-07-12 08:36:32.587+0000 INFO  creationDate: 2022-11-21T10:02:24.575Z
2023-07-12 08:36:32.587+0000 INFO  Started.
2023-07-12 08:36:51.229+0000 INFO  Neo4j Server shutdown initiated by request
2023-07-12 08:36:51.233+0000 INFO  Stopping...
2023-07-12 08:36:56.469+0000 INFO  Stopped.
2023-07-12 08:37:02.193+0000 INFO  Starting...
2023-07-12 08:37:02.693+0000 INFO  This instance is ServerId{4754d6ca} (4754d6ca-5f77-49b1-8af9-f1cdaeb4599c)
2023-07-12 08:37:03.141+0000 INFO  ======== Neo4j 5.9.0 ========
2023-07-12 08:37:04.112+0000 INFO  Bolt enabled on 0.0.0.0:7687.
2023-07-12 08:37:04.508+0000 INFO  Remote interface available at http://localhost:7474/
2023-07-12 08:37:04.510+0000 INFO  id: 1A98F0EE96852CD6212D4A43287CAAF96B6ECA79AC1411622D12C00A3F94A350
2023-07-12 08:37:04.510+0000 INFO  name: system
2023-07-12 08:37:04.510+0000 INFO  creationDate: 2022-11-21T10:02:24.575Z
2023-07-12 08:37:04.510+0000 INFO  Started.
2023-07-12 10:21:14.119+0000 INFO  Neo4j Server shutdown initiated by request
2023-07-12 10:21:14.141+0000 INFO  Stopping...
2023-07-12 10:21:20.288+0000 INFO  Stopped.
2023-07-13 04:40:57.661+0000 INFO  Starting...
2023-07-13 04:40:58.253+0000 INFO  This instance is ServerId{4754d6ca} (4754d6ca-5f77-49b1-8af9-f1cdaeb4599c)
2023-07-13 04:40:59.071+0000 INFO  ======== Neo4j 5.9.0 ========
2023-07-13 04:41:00.752+0000 INFO  Bolt enabled on 0.0.0.0:7687.
2023-07-13 04:41:01.328+0000 INFO  Remote interface available at http://localhost:7474/
2023-07-13 04:41:01.330+0000 INFO  id: 1A98F0EE96852CD6212D4A43287CAAF96B6ECA79AC1411622D12C00A3F94A350
2023-07-13 04:41:01.330+0000 INFO  name: system
2023-07-13 04:41:01.330+0000 INFO  creationDate: 2022-11-21T10:02:24.575Z
2023-07-13 04:41:01.330+0000 INFO  Started.
2023-07-13 04:49:22.318+0000 INFO  Neo4j Server shutdown initiated by request
2023-07-13 04:49:22.318+0000 INFO  Stopping...
2023-07-13 04:49:27.583+0000 INFO  Stopped.
2023-07-13 05:00:35.561+0000 INFO  Starting...
2023-07-13 05:00:36.121+0000 INFO  This instance is ServerId{4754d6ca} (4754d6ca-5f77-49b1-8af9-f1cdaeb4599c)
2023-07-13 05:00:36.668+0000 INFO  ======== Neo4j 5.9.0 ========
2023-07-13 05:00:36.924+0000 INFO  Neo4j Server shutdown initiated by request
2023-07-13 05:00:36.925+0000 INFO  Stopped.
2023-07-13 05:02:22.234+0000 INFO  Starting...
2023-07-13 05:02:23.316+0000 INFO  This instance is ServerId{4754d6ca} (4754d6ca-5f77-49b1-8af9-f1cdaeb4599c)
2023-07-13 05:02:24.262+0000 INFO  ======== Neo4j 5.9.0 ========
2023-07-13 05:02:29.145+0000 INFO  Bolt enabled on 0.0.0.0:7687.
2023-07-13 05:02:29.632+0000 INFO  Remote interface available at http://localhost:7474/
2023-07-13 05:02:29.634+0000 INFO  id: 1A98F0EE96852CD6212D4A43287CAAF96B6ECA79AC1411622D12C00A3F94A350
2023-07-13 05:02:29.634+0000 INFO  name: system
2023-07-13 05:02:29.634+0000 INFO  creationDate: 2022-11-21T10:02:24.575Z
2023-07-13 05:02:29.635+0000 INFO  Started.
2023-07-13 05:47:03.319+0000 INFO  Neo4j Server shutdown initiated by request
2023-07-13 05:47:03.322+0000 INFO  Stopping...
2023-07-13 05:47:08.607+0000 INFO  Stopped.
2023-07-13 05:48:36.737+0000 INFO  Starting...
2023-07-13 05:48:38.328+0000 INFO  This instance is ServerId{4754d6ca} (4754d6ca-5f77-49b1-8af9-f1cdaeb4599c)
2023-07-13 05:48:39.142+0000 INFO  ======== Neo4j 5.9.0 ========
2023-07-13 05:48:40.179+0000 INFO  Bolt enabled on 0.0.0.0:7687.
2023-07-13 05:48:40.772+0000 INFO  Remote interface available at http://localhost:7474/
2023-07-13 05:48:40.777+0000 INFO  id: 1A98F0EE96852CD6212D4A43287CAAF96B6ECA79AC1411622D12C00A3F94A350
2023-07-13 05:48:40.778+0000 INFO  name: system
2023-07-13 05:48:40.778+0000 INFO  creationDate: 2022-11-21T10:02:24.575Z
2023-07-13 05:48:40.778+0000 INFO  Started.
2023-07-13 06:26:11.444+0000 INFO  Neo4j Server shutdown initiated by request
2023-07-13 06:26:11.445+0000 INFO  Stopping...
2023-07-13 06:26:16.706+0000 INFO  Stopped.
2023-07-13 06:35:06.403+0000 INFO  Starting...
2023-07-13 06:35:09.134+0000 INFO  This instance is ServerId{4754d6ca} (4754d6ca-5f77-49b1-8af9-f1cdaeb4599c)
2023-07-13 06:35:10.980+0000 INFO  ======== Neo4j 5.9.0 ========
2023-07-13 06:35:13.895+0000 INFO  Bolt enabled on 0.0.0.0:7687.
2023-07-13 06:35:14.964+0000 INFO  Remote interface available at http://localhost:7474/
2023-07-13 06:35:14.970+0000 INFO  id: 1A98F0EE96852CD6212D4A43287CAAF96B6ECA79AC1411622D12C00A3F94A350
2023-07-13 06:35:14.972+0000 INFO  name: system
2023-07-13 06:35:14.972+0000 INFO  creationDate: 2022-11-21T10:02:24.575Z
2023-07-13 06:35:14.973+0000 INFO  Started.
2023-07-13 06:35:15.810+0000 INFO  Neo4j Server shutdown initiated by request
2023-07-13 06:35:15.814+0000 INFO  Stopping...
2023-07-13 06:35:21.342+0000 INFO  Stopped.
2023-07-13 07:42:39.831+0000 INFO  Starting...
2023-07-13 07:42:45.316+0000 INFO  This instance is ServerId{4754d6ca} (4754d6ca-5f77-49b1-8af9-f1cdaeb4599c)
2023-07-13 07:42:47.150+0000 INFO  ======== Neo4j 5.9.0 ========
2023-07-13 07:42:50.854+0000 INFO  Bolt enabled on 0.0.0.0:7687.
2023-07-13 07:42:52.660+0000 INFO  Remote interface available at http://localhost:7474/
2023-07-13 07:42:52.667+0000 INFO  id: 1A98F0EE96852CD6212D4A43287CAAF96B6ECA79AC1411622D12C00A3F94A350
2023-07-13 07:42:52.668+0000 INFO  name: system
2023-07-13 07:42:52.669+0000 INFO  creationDate: 2022-11-21T10:02:24.575Z
2023-07-13 07:42:52.670+0000 INFO  Started.
2023-07-13 07:43:24.279+0000 INFO  Neo4j Server shutdown initiated by request
2023-07-13 07:43:24.282+0000 INFO  Stopping...
2023-07-13 07:43:29.837+0000 INFO  Stopped.
